<?xml version="1.0" encoding="UTF-8"?>
<testsuites>
  <testsuite name="Temperature_converter_test" file="C:\xampp\htdocs\Sisdos1\application\tests\libraries\Temperature_converter_test.php" tests="10" assertions="10" errors="0" failures="0" skipped="0" time="0.008161">
    <testsuite name="Temperature_converter_test::test_FtoC" tests="5" assertions="5" errors="0" failures="0" skipped="0" time="0.004053">
      <testcase name="test_FtoC with data set #0" class="Temperature_converter_test" classname="Temperature_converter_test" file="C:\xampp\htdocs\Sisdos1\application\tests\libraries\Temperature_converter_test.php" line="16" assertions="1" time="0.001503"/>
      <testcase name="test_FtoC with data set #1" class="Temperature_converter_test" classname="Temperature_converter_test" file="C:\xampp\htdocs\Sisdos1\application\tests\libraries\Temperature_converter_test.php" line="16" assertions="1" time="0.000798"/>
      <testcase name="test_FtoC with data set #2" class="Temperature_converter_test" classname="Temperature_converter_test" file="C:\xampp\htdocs\Sisdos1\application\tests\libraries\Temperature_converter_test.php" line="16" assertions="1" time="0.000532"/>
      <testcase name="test_FtoC with data set #3" class="Temperature_converter_test" classname="Temperature_converter_test" file="C:\xampp\htdocs\Sisdos1\application\tests\libraries\Temperature_converter_test.php" line="16" assertions="1" time="0.000636"/>
      <testcase name="test_FtoC with data set #4" class="Temperature_converter_test" classname="Temperature_converter_test" file="C:\xampp\htdocs\Sisdos1\application\tests\libraries\Temperature_converter_test.php" line="16" assertions="1" time="0.000583"/>
    </testsuite>
    <testsuite name="Temperature_converter_test::test_CtoF" tests="5" assertions="5" errors="0" failures="0" skipped="0" time="0.004108">
      <testcase name="test_CtoF with data set #0" class="Temperature_converter_test" classname="Temperature_converter_test" file="C:\xampp\htdocs\Sisdos1\application\tests\libraries\Temperature_converter_test.php" line="41" assertions="1" time="0.001153"/>
      <testcase name="test_CtoF with data set #1" class="Temperature_converter_test" classname="Temperature_converter_test" file="C:\xampp\htdocs\Sisdos1\application\tests\libraries\Temperature_converter_test.php" line="41" assertions="1" time="0.000922"/>
      <testcase name="test_CtoF with data set #2" class="Temperature_converter_test" classname="Temperature_converter_test" file="C:\xampp\htdocs\Sisdos1\application\tests\libraries\Temperature_converter_test.php" line="41" assertions="1" time="0.000676"/>
      <testcase name="test_CtoF with data set #3" class="Temperature_converter_test" classname="Temperature_converter_test" file="C:\xampp\htdocs\Sisdos1\application\tests\libraries\Temperature_converter_test.php" line="41" assertions="1" time="0.000605"/>
      <testcase name="test_CtoF with data set #4" class="Temperature_converter_test" classname="Temperature_converter_test" file="C:\xampp\htdocs\Sisdos1\application\tests\libraries\Temperature_converter_test.php" line="41" assertions="1" time="0.000752"/>
    </testsuite>
  </testsuite>
</testsuites>
